<?xml version="1.0" encoding="UTF-8"?>
<!-- Generated by org.testng.reporters.JUnitReportReporter -->
<testsuite hostname="LAPTOP-7AE2PAGQ" failures="0" tests="1" name="com.smoke.TestNGExecution" time="12.320" errors="0" timestamp="2021-07-27T00:58:28 EDT" skipped="0">
  <testcase classname="com.smoke.TestNGExecution" name="getLogin" time="12.320"/>
  <system-out/>
</testsuite> <!-- com.smoke.TestNGExecution -->
