<?xml version="1.0" encoding="UTF-8"?>
<!-- Generated by org.testng.reporters.JUnitReportReporter -->
<testsuite hostname="LAPTOP-7AE2PAGQ" failures="0" tests="2" name="com.cucumberrunnerFile.CucumberRunner" time="23.311" errors="0" timestamp="2021-07-30T17:34:28 EDT" skipped="0">
  <testcase classname="com.cucumberrunnerFile.CucumberRunner" name="test" time="0.001"/>
  <system-out/>
  <testcase classname="com.cucumberrunnerFile.CucumberRunner" name="runScenario" time="23.310"/>
  <system-out/>
</testsuite> <!-- com.cucumberrunnerFile.CucumberRunner -->
